<?xml version="1.0" encoding="UTF-8"?>
<!-- Generated by org.testng.reporters.JUnitXMLReporter -->
<testsuite ignored="0" hostname="MSI" failures="0" tests="3" name="Flipkart End To End Tests" time="20.783" errors="0" timestamp="2026-01-16T03:56:36 IST">
  <testcase classname="com.flipkart.qa.testcases.FlipkartEndToEndFlow" name="productSelection" time="9.776"/>
  <testcase classname="com.flipkart.qa.testcases.FlipkartEndToEndFlow" name="addToCartAndCheckout" time="0.981"/>
  <testcase classname="com.flipkart.qa.testcases.FlipkartEndToEndFlow" name="paymentFlow" time="4.784"/>
</testsuite> <!-- Flipkart End To End Tests -->
