<?xml version="1.0" encoding="UTF-8"?>
<!-- Generated by org.testng.reporters.JUnitReportReporter -->
<testsuite hostname="MSI" failures="0" tests="3" name="com.flipkart.qa.testcases.FlipkartEndToEndFlow" time="15.541" errors="0" timestamp="2026-01-16T03:56:37 IST" skipped="0">
  <testcase classname="com.flipkart.qa.testcases.FlipkartEndToEndFlow" name="addToCartAndCheckout" time="0.981"/>
  <testcase classname="com.flipkart.qa.testcases.FlipkartEndToEndFlow" name="productSelection" time="9.776"/>
  <testcase classname="com.flipkart.qa.testcases.FlipkartEndToEndFlow" name="paymentFlow" time="4.784"/>
</testsuite> <!-- com.flipkart.qa.testcases.FlipkartEndToEndFlow -->
